<?xml version="1.0" encoding="UTF-8"?>
<!-- Generated by org.testng.reporters.JUnitReportReporter -->
<testsuite hostname="Rithesh" failures="0" tests="1" name="com.LaunchBrowser" time="6.966" errors="0" timestamp="2025-05-31T18:58:50 IST" skipped="0">
  <testcase classname="com.LaunchBrowser" name="test" time="6.966"/>
  <system-out/>
</testsuite> <!-- com.LaunchBrowser -->
